     1                                  bits 32 ; assembling for the 32 bits architecture
     2                                  
     3                                  ; declare the EntryPoint (a label defining the very first instruction of the program)
     4                                  global start        
     5                                  
     6                                  ; declare external functions needed by our program
     7                                  extern exit               ; tell nasm that exit exists even if we won't be defining it
     8                                  import exit msvcrt.dll    ; exit is a function that ends the calling process. It is defined in msvcrt.dll
     9                                                            ; msvcrt.dll contains exit, printf and all the other important C-runtime specific functions
    10                                  
    11                                  ; our data is declared here (the variables needed by our program)
    12                                  segment data use32 class=data
    13 00000000 0100020003000400            a dw 1,2,3,4
    14 00000008 34125500                    b dw 1234h, 0055h
    15                                  
    16                                  ; our code starts here
    17                                  segment code use32 class=code
    18                                      start:
    19 00000000 B801000000                      mov eax, 1
    20 00000005 BB01000000                      mov ebx, 1
    21 0000000A 8B80[FFFFFFFF]                  mov eax, [a+eax-1]
    22                                      
    23                                          ; exit(0)
    24 00000010 6A00                            push    dword 0      ; push the parameter for exit onto the stack
    25 00000012 FF15[00000000]                  call    [exit]       ; call exit to terminate the program
