     1                                  bits 32 
     2                                  
     3                                  global start        
     4                                  
     5                                  extern exit               ; tell nasm that exit exists even if we won't be defining it
     6                                  import exit msvcrt.dll    ; exit is a function that ends the calling process. It is defined in msvcrt.dll
     7                                                            ; msvcrt.dll contains exit, printf and all the other important C-runtime specific functions
     8                                  
     9                                  ; our data is declared here (the variables needed by our program)
    10                                  segment data use32 class=data
    11 00000000 5777                        a dw 0111011101010111b
    12 00000002 BE9B                        b dw 1001101110111110b
    13 00000004 00000000                    c dd 0
    14                                  
    15                                  ; our code starts here
    16                                  segment code use32 class=code
    17                                      start:
    18 00000000 66BB0000                        mov  bx, 0
    19                                          ;the bits 0-3 of C are the same as the bits 5-8 of B
    20 00000004 66A1[02000000]                  mov ax,[b]
    21 0000000A 6625E001                        and ax, 0000000111100000b
    22                                          ;mov cl,5
    23 0000000E 66C1C805                        ror ax,5
    24 00000012 6609C3                          or bx,ax    ;bx:= first 4 bites are bites 5-8 from b
    25                                          ;the bits 4-8 of C are the same as the bits 0-4 of A
    26 00000015 66A1[00000000]                  mov ax,[a]
    27 0000001B 6683E00F                        and ax, 0000000000001111b
    28 0000001F B104                            mov cl,4
    29 00000021 66D3C0                          rol ax,cl
    30 00000024 6609C3                          or bx,ax
    31                                          ;the bits 9-15 of C are the same as the bits 6-12 of A
    32 00000027 66A1[00000000]                  mov ax,[a]
    33 0000002D 6625C01F                        and ax, 0001111111000000b
    34 00000031 B103                            mov cl,3
    35 00000033 66D3C0                          rol ax,cl
    36 00000036 6609C3                          or bx,ax
    37                                          ;the bits 16-31 of C are the same as the bits of B
    38 00000039 668B15[02000000]                mov dx,[b]
    39 00000040 6652                            push dx
    40 00000042 6653                            push bx
    41 00000044 5B                              pop ebx
    42                                          
    43 00000045 891D[04000000]                  mov [c],ebx
    44                                          
    45                                          ; exit(0)
    46 0000004B 6A00                            push    dword 0      ; push the parameter for exit onto the stack
    47 0000004D FF15[00000000]                  call    [exit]       ; call exit to terminate the program
