     1                                  ;bits 32
     2                                  ;global start
     3                                  ;
     4                                  ;import printf msvcrt.dll
     5                                  ;import exit msvcrt.dll
     6                                  ;extern printf, exit
     7                                  ;
     8                                  ;extern factorial
     9                                  ;
    10                                  ;segment data use32
    11                                  ;	format_string db "factorial=%d", 10, 13, 0
    12                                  ;
    13                                  ;segment code use32 public code
    14                                  ;start:
    15                                  ;	push dword 6
    16                                  ;	call factorial
    17                                  ;
    18                                  ;	push eax
    19                                  ;	push format_string
    20                                  ;	call [printf]
    21                                  ;	add esp, 2*4
    22                                  
    23                                  ;	push 0
    24                                  ;	call [exit]
    25                                  
    26                                  ;Read from the keyboard a string of numbers, given in the base 10 as signed numbers (a string of characters is read from the keyboard and a string of numbers must be stored in the memory).
    27                                  
    28                                  bits 32
    29                                  global start
    30                                  
    31                                  import scanf msvcrt.dll
    32                                  import printf msvcrt.dll
    33                                  import exit msvcrt.dll
    34                                  extern scanf, exit, printf
    35                                  
    36                                  extern transform
    37                                  
    38                                  global a
    39                                  
    40                                  segment data use32 class=data public
    41 00000000 00000000                    a dd 0
    42 00000004 256300                      format db "%c", 0
    43 00000007 726573756C74206973-         result db "result is %d", 0
    43 00000010 20256400           
    44                                      
    45                                  segment code use32 class=code public
    46                                  start:
    47                                      
    48 00000000 68[00000000]                push dword a
    49 00000005 68[04000000]                push dword format
    50 0000000A FF15[00000000]              call [scanf]
    51 00000010 83C408                      add esp, 4*2
    52                                      
    53 00000013 68[00000000]                push dword a
    54 00000018 E8(00000000)                call transform
    55                                      
    56 0000001D 50                          push eax
    57 0000001E 68[07000000]                push result
    58 00000023 FF15[00000000]              call [printf]
    59 00000029 83C408                      add esp, 2*4
    60                                      
    61                                      
    62 0000002C 6A00                        push dword 0
    63 0000002E FF15[00000000]              call [exit]
    64                                      
    65                                      
    66                                      
    67                                      
    68                                      
