     1                                  bits 32
     2                                  global start
     3                                  
     4                                  extern exit, printf, scanf
     5                                  import exit msvcrt.dll
     6                                  import printf msvcrt.dll
     7                                  import scanf msvcrt.dll
     8                                  
     9                                  segment data use32 class=data
    10 00000000 00000000                    a dd 0
    11                                      
    12 00000004 746865206E756D6265-         number db "the number in base 10 is ", 0
    12 0000000D 7220696E2062617365-
    12 00000016 2031302069732000   
    13 0000001E 256400                      format db "%d", 0
    14 00000021 746865206E756D6265-         result db "the number in base 16 is %x", 0
    14 0000002A 7220696E2062617365-
    14 00000033 203136206973202578-
    14 0000003C 00                 
    15                                      
    16                                  segment code use32 class=code
    17                                      start:
    18 00000000 68[04000000]                    push dword number
    19 00000005 FF15[00000000]                  call [printf]
    20 0000000B 83C404                          add esp, 4
    21                                          
    22 0000000E 68[00000000]                    push a
    23 00000013 68[1E000000]                    push dword format
    24 00000018 FF15[00000000]                  call [scanf]
    25 0000001E 83C408                          add esp, 8
    26                                          
    27 00000021 A1[00000000]                    mov eax,[a]
    28                                          
    29 00000026 50                              push eax
    30 00000027 68[21000000]                    push result
    31 0000002C FF15[00000000]                  call [printf]
    32 00000032 83C408                          add esp, 8
    33                                          
    34 00000035 6A00                            push dword 0
    35 00000037 FF15[00000000]                  call [exit]
