     1                                  bits 32
     2                                  global start
     3                                  
     4                                  extern exit, fopen, fread, fclose, printf
     5                                  import exit msvcrt.dll
     6                                  import fopen msvcrt.dll
     7                                  import fread msvcrt.dll
     8                                  import fclose msvcrt.dll
     9                                  import printf msvcrt.dll
    10                                  
    11                                  segment data use32 class=data
    12 00000000 66696C652E74787400          file_name db "file.txt", 0
    13 00000009 FFFFFFFF                    file_descriptor dd -1 
    14 0000000D 7200                        acces_mode db "r", 0
    15                                      len equ 256
    16 0000000F 00000000                    final_result dd 0
    17 00000013 00<rept>                    text times len db 0
    18                                  
    19 00000113 546865206E756D6265-         result db 'The number of consonants from the text is %d', 0
    19 0000011C 72206F6620636F6E73-
    19 00000125 6F6E616E7473206672-
    19 0000012E 6F6D20746865207465-
    19 00000137 787420697320256400 
    20                                  segment code use32 class=code
    21                                      start:
    22                                          ; open the file
    23 00000000 68[0D000000]                    push dword acces_mode
    24 00000005 68[00000000]                    push dword file_name
    25 0000000A FF15[00000000]                  call [fopen]
    26 00000010 83C408                          add esp, 8
    27                                          
    28 00000013 A3[09000000]                    mov [file_descriptor], eax
    29                                          
    30 00000018 83F800                          cmp eax,0
    31 0000001B 0F8437010000                    je theEnd
    32                                          
    33                                          ; read the file and add in text
    34 00000021 FF35[09000000]                  push dword[file_descriptor]
    35 00000027 6800010000                      push dword len
    36 0000002C 6A01                            push dword 1
    37 0000002E 68[13000000]                    push dword text
    38 00000033 FF15[00000000]                  call [fread]
    39 00000039 83C410                          add esp, 4*4
    40                                          
    41 0000003C 89C1                            mov ecx, eax
    42 0000003E B300                            mov bl, 0
    43 00000040 BE[13000000]                    mov esi, text
    44 00000045 FC                              cld
    45                                          
    46                                          repeat1:
    47                                              ;B, C, D, F, G, H, J, K, L, M, N, P, Q, R, S, T, V, W, X, Y, Z
    48 00000046 AC                                  lodsb   ; al:=letters from text
    49 00000047 3C62                                cmp al,'b'
    50 00000049 0F84E3000000                        je consonant
    51 0000004F 3C42                                cmp al,'B'
    52 00000051 0F84DB000000                        je consonant
    53 00000057 3C63                                cmp al,'c'
    54 00000059 0F84D3000000                        je consonant
    55 0000005F 3C43                                cmp al,'C'
    56 00000061 0F84CB000000                        je consonant
    57 00000067 3C64                                cmp al,'d'
    58 00000069 0F84C3000000                        je consonant
    59 0000006F 3C44                                cmp al,'D'
    60 00000071 0F84BB000000                        je consonant
    61 00000077 3C66                                cmp al,'f'
    62 00000079 0F84B3000000                        je consonant
    63 0000007F 3C46                                cmp al,'F'
    64 00000081 0F84AB000000                        je consonant
    65 00000087 3C67                                cmp al,'g'
    66 00000089 0F84A3000000                        je consonant
    67 0000008F 3C47                                cmp al,'G'
    68 00000091 0F849B000000                        je consonant
    69 00000097 3C68                                cmp al,'h'
    70 00000099 0F8493000000                        je consonant
    71 0000009F 3C48                                cmp al,'H'
    72 000000A1 0F848B000000                        je consonant
    73 000000A7 3C4A                                cmp al,'J'
    74 000000A9 0F8483000000                        je consonant
    75 000000AF 3C4A                                cmp al,'J'
    76 000000B1 747F                                je consonant
    77 000000B3 3C6B                                cmp al,'k'
    78 000000B5 747B                                je consonant
    79 000000B7 3C4B                                cmp al,'K'
    80 000000B9 7477                                je consonant
    81 000000BB 3C6C                                cmp al,'l'
    82 000000BD 7473                                je consonant
    83 000000BF 3C4C                                cmp al,'L'
    84 000000C1 746F                                je consonant
    85 000000C3 3C6D                                cmp al,'m'
    86 000000C5 746B                                je consonant
    87 000000C7 3C4D                                cmp al,'M'
    88 000000C9 7467                                je consonant
    89 000000CB 3C6E                                cmp al,'n'
    90 000000CD 7463                                je consonant
    91 000000CF 3C4E                                cmp al,'N'
    92 000000D1 745F                                je consonant
    93 000000D3 3C70                                cmp al,'p'
    94 000000D5 745B                                je consonant
    95 000000D7 3C50                                cmp al,'P'
    96 000000D9 7457                                je consonant
    97 000000DB 3C71                                cmp al,'q'
    98 000000DD 7453                                je consonant
    99 000000DF 3C51                                cmp al,'Q'
   100 000000E1 744F                                je consonant
   101 000000E3 3C72                                cmp al,'r'
   102 000000E5 744B                                je consonant
   103 000000E7 3C52                                cmp al,'R'
   104 000000E9 7447                                je consonant
   105 000000EB 3C73                                cmp al,'s'
   106 000000ED 7443                                je consonant
   107 000000EF 3C53                                cmp al,'S'
   108 000000F1 743F                                je consonant
   109 000000F3 3C74                                cmp al,'t'
   110 000000F5 743B                                je consonant
   111 000000F7 3C54                                cmp al,'T'
   112 000000F9 7437                                je consonant
   113 000000FB 3C76                                cmp al,'v'
   114 000000FD 7433                                je consonant
   115 000000FF 3C56                                cmp al,'V'
   116 00000101 742F                                je consonant
   117 00000103 3C77                                cmp al,'w'
   118 00000105 742B                                je consonant
   119 00000107 3C57                                cmp al,'W'
   120 00000109 7427                                je consonant
   121 0000010B 3C78                                cmp al,'x'
   122 0000010D 7423                                je consonant
   123 0000010F 3C58                                cmp al,'X'
   124 00000111 741F                                je consonant
   125 00000113 3C79                                cmp al,'y'
   126 00000115 741B                                je consonant
   127 00000117 3C59                                cmp al,'Y'
   128 00000119 7417                                je consonant
   129 0000011B 3C7A                                cmp al,'z'
   130 0000011D 7413                                je consonant
   131 0000011F 3C5A                                cmp al,'Z'
   132 00000121 740F                                je consonant
   133                                              
   134 00000123 49                                  dec ecx
   135 00000124 83F900                              cmp ecx, 0
   136 00000127 7415                                je next
   137 00000129 83F900                              cmp ecx, 0
   138 0000012C 0F8514FFFFFF                        jne repeat1
   139                                              
   140                                              
   141                                              consonant:
   142 00000132 FEC3                                    inc bl
   143 00000134 49                                      dec ecx
   144 00000135 83F900                                  cmp ecx, 0
   145 00000138 0F8508FFFFFF                            jne repeat1
   146                                          
   147                                          next:
   148 0000013E 881D[0F000000]                      mov [final_result], bl
   149 00000144 A1[0F000000]                        mov eax, [final_result]
   150                                              
   151 00000149 50                                  push eax
   152 0000014A 68[13010000]                        push result
   153 0000014F FF15[00000000]                      call [printf]
   154 00000155 83C408                              add esp, 4*2
   155                                          
   156                                          theEnd:
   157 00000158 6A00                                push dword 0
   158 0000015A FF15[00000000]                      call [exit]
