     1                                  ;A text file is given. Read the content of the file, count the number of consonants and display the result on the screen. The name of text file is defined in the data segment.
     2                                  bits 32
     3                                  global start
     4                                  
     5                                  extern exit
     6                                  import exit msvcrt.dll
     7                                  
     8                                  segment data use32 class=data
     9 00000000 00                          result db 0
    10 00000001 416D2032206D657265-         text db 'Am 2 mere si 2 cirese', 0
    10 0000000A 207369203220636972-
    10 00000013 65736500           
    11                                      len equ $-text
    12                                      
    13                                  segment code use32 class=code
    14                                      start:
    15 00000000 B300                            mov bl, 0   ; we calculate the number of consonants in bl
    16 00000002 B916000000                      mov ecx, len
    17 00000007 BE[01000000]                    mov esi, text
    18 0000000C FC                              cld
    19                                          
    20                                          repeat1:
    21                                              ;B, C, D, F, G, H, J, K, L, M, N, P, Q, R, S, T, V, W, X, Y, Z
    22 0000000D AC                                  lodsb   ; al:=letters from text
    23 0000000E 3C62                                cmp al,'b'
    24 00000010 0F84E3000000                        je consonant
    25 00000016 3C42                                cmp al,'B'
    26 00000018 0F84DB000000                        je consonant
    27 0000001E 3C63                                cmp al,'c'
    28 00000020 0F84D3000000                        je consonant
    29 00000026 3C43                                cmp al,'C'
    30 00000028 0F84CB000000                        je consonant
    31 0000002E 3C64                                cmp al,'d'
    32 00000030 0F84C3000000                        je consonant
    33 00000036 3C44                                cmp al,'D'
    34 00000038 0F84BB000000                        je consonant
    35 0000003E 3C66                                cmp al,'f'
    36 00000040 0F84B3000000                        je consonant
    37 00000046 3C46                                cmp al,'F'
    38 00000048 0F84AB000000                        je consonant
    39 0000004E 3C67                                cmp al,'g'
    40 00000050 0F84A3000000                        je consonant
    41 00000056 3C47                                cmp al,'G'
    42 00000058 0F849B000000                        je consonant
    43 0000005E 3C68                                cmp al,'h'
    44 00000060 0F8493000000                        je consonant
    45 00000066 3C48                                cmp al,'H'
    46 00000068 0F848B000000                        je consonant
    47 0000006E 3C4A                                cmp al,'J'
    48 00000070 0F8483000000                        je consonant
    49 00000076 3C4A                                cmp al,'J'
    50 00000078 747F                                je consonant
    51 0000007A 3C6B                                cmp al,'k'
    52 0000007C 747B                                je consonant
    53 0000007E 3C4B                                cmp al,'K'
    54 00000080 7477                                je consonant
    55 00000082 3C6C                                cmp al,'l'
    56 00000084 7473                                je consonant
    57 00000086 3C4C                                cmp al,'L'
    58 00000088 746F                                je consonant
    59 0000008A 3C6D                                cmp al,'m'
    60 0000008C 746B                                je consonant
    61 0000008E 3C4D                                cmp al,'M'
    62 00000090 7467                                je consonant
    63 00000092 3C6E                                cmp al,'n'
    64 00000094 7463                                je consonant
    65 00000096 3C4E                                cmp al,'N'
    66 00000098 745F                                je consonant
    67 0000009A 3C70                                cmp al,'p'
    68 0000009C 745B                                je consonant
    69 0000009E 3C50                                cmp al,'P'
    70 000000A0 7457                                je consonant
    71 000000A2 3C71                                cmp al,'q'
    72 000000A4 7453                                je consonant
    73 000000A6 3C51                                cmp al,'Q'
    74 000000A8 744F                                je consonant
    75 000000AA 3C72                                cmp al,'r'
    76 000000AC 744B                                je consonant
    77 000000AE 3C52                                cmp al,'R'
    78 000000B0 7447                                je consonant
    79 000000B2 3C73                                cmp al,'s'
    80 000000B4 7443                                je consonant
    81 000000B6 3C53                                cmp al,'S'
    82 000000B8 743F                                je consonant
    83 000000BA 3C74                                cmp al,'t'
    84 000000BC 743B                                je consonant
    85 000000BE 3C54                                cmp al,'T'
    86 000000C0 7437                                je consonant
    87 000000C2 3C76                                cmp al,'v'
    88 000000C4 7433                                je consonant
    89 000000C6 3C56                                cmp al,'V'
    90 000000C8 742F                                je consonant
    91 000000CA 3C77                                cmp al,'w'
    92 000000CC 742B                                je consonant
    93 000000CE 3C57                                cmp al,'W'
    94 000000D0 7427                                je consonant
    95 000000D2 3C78                                cmp al,'x'
    96 000000D4 7423                                je consonant
    97 000000D6 3C58                                cmp al,'X'
    98 000000D8 741F                                je consonant
    99 000000DA 3C79                                cmp al,'y'
   100 000000DC 741B                                je consonant
   101 000000DE 3C59                                cmp al,'Y'
   102 000000E0 7417                                je consonant
   103 000000E2 3C7A                                cmp al,'z'
   104 000000E4 7413                                je consonant
   105 000000E6 3C5A                                cmp al,'Z'
   106 000000E8 740F                                je consonant
   107                                              
   108 000000EA 49                                  dec ecx
   109 000000EB 83F900                              cmp ecx, 0
   110 000000EE 7415                                je theend
   111 000000F0 83F900                              cmp ecx, 0
   112 000000F3 0F8514FFFFFF                        jne repeat1
   113                                              
   114                                              
   115                                              consonant:
   116 000000F9 FEC3                                    inc bl
   117 000000FB 49                                      dec ecx
   118 000000FC 83F900                                  cmp ecx, 0
   119 000000FF 0F8508FFFFFF                            jne repeat1
   120                                          
   121                                          theend:
   122 00000105 881D[00000000]                      mov [result],bl
   123                                          
   124 0000010B 6A00                                push dword 0
   125 0000010D FF15[00000000]                      call [exit]
