     1                                  bits 32 ; assembling for the 32 bits architecture
     2                                  
     3                                  ; declare the EntryPoint (a label defining the very first instruction of the program)
     4                                  global start        
     5                                  
     6                                  ; declare external functions needed by our program
     7                                  extern exit               ; tell nasm that exit exists even if we won't be defining it
     8                                  import exit msvcrt.dll    ; exit is a function that ends the calling process. It is defined in msvcrt.dll
     9                                                            ; msvcrt.dll contains exit, printf and all the other important C-runtime specific functions
    10                                  
    11                                  ; our data is declared here (the variables needed by our program)
    12                                  segment data use32 class=data
    13 00000000 01                          a db 1
    14 00000001 02                          b db 2
    15 00000002 03                          c db 3
    16 00000003 04                          d db 4
    17                                      e 
    17          ******************       warning: label alone on a line without a colon might be in error [-w+orphan-labels]
    18                                  
    19                                  ; our code starts here
    20                                  segment code use32 class=code
    21                                      start:
    22 00000000 66B81600                        mov ax,22
    23 00000004 66A3[01000000]                  mov [b],ax
    24 0000000A 8A15[02000000]                  mov dl,[c]
    25                                      
    26                                          ; exit(0)
    27 00000010 6A00                            push    dword 0      ; push the parameter for exit onto the stack
    28 00000012 FF15[00000000]                  call    [exit]       ; call exit to terminate the program
