     1                                  ; how do i show the signed value
     2                                  bits 32
     3                                  
     4                                  global start
     5                                  
     6                                  extern exit, printf, scanf
     7                                  import exit     msvcrt.dll
     8                                  import printf   msvcrt.dll
     9                                  import scanf    msvcrt.dll
    10                                  
    11                                  segment data use32 class=data
    12 00000000 00000000                    a dd 0
    13 00000004 00000000                    b dd 0
    14                                      
    15 00000008 3C25643E2B3C25643E-         result db "<%d>+<%d>=<%d>", 0
    15 00000011 3D3C25643E00       
    16 00000017 3C25643E00                  result2 db "<%d>", 0
    17 0000001C 613D2000                    A db "a= ", 0
    18 00000020 623D2000                    B db "b= ", 0
    19 00000024 256400                      format db "%d", 0
    20                                      
    21                                  segment code use32 class=code
    22                                      start:
    23                                          ; we print 'a= '
    24 00000000 68[1C000000]                    push dword  A
    25 00000005 FF15[00000000]                  call [printf]
    26 0000000B 83C404                          add esp, 4
    27                                          
    28                                          ; we read a value for a
    29 0000000E 68[00000000]                    push dword a
    30 00000013 68[24000000]                    push dword format
    31 00000018 FF15[00000000]                  call [scanf]
    32 0000001E 83C408                          add esp, 8
    33                                          
    34                                          ; we print 'b= '
    35 00000021 68[20000000]                    push dword B
    36 00000026 FF15[00000000]                  call [printf]
    37 0000002C 83C404                          add esp, 4
    38                                          
    39                                          ; we read a value for b
    40 0000002F 68[04000000]                    push dword b
    41 00000034 68[24000000]                    push dword format
    42 00000039 FF15[00000000]                  call [scanf]
    43 0000003F 83C408                          add esp, 8
    44                                          
    45 00000042 B800000000                      mov eax, 0
    46 00000047 A0[00000000]                    mov al, [a]
    47 0000004C 0205[04000000]                  add al, [b]
    48 00000052 50                              push eax
    49                                          
    50 00000053 A1[04000000]                    mov eax, [b]
    51 00000058 50                              push eax
    52                                          
    53 00000059 A1[00000000]                    mov eax, [a]
    54 0000005E 50                              push eax        
    55                                          
    56 0000005F 68[08000000]                    push dword result
    57 00000064 FF15[00000000]                  call [printf]
    58 0000006A 83C410                          add esp, 16
    59                                          
    60 0000006D 6A00                            push dword 0
    61 0000006F FF15[00000000]                  call [exit]
